<?xml version="1.0" encoding="UTF-8"?>
<robot generator="Robot 7.2.2 (Python 3.13.3 on win32)" generated="2025-05-27T09:21:55.529708" rpa="false" schemaversion="5">
<suite id="s1" name="Scenario1 Test" source="C:\Users\noompkbn9\Documents\PKBN\Projects\rbf-juice_shop\tests\scenario1_test.robot">
<test id="s1-t1" name="User Should Be Able To Login Add One Item And Complete Checkout" line="14">
<kw name="Setup Test" type="SETUP">
<kw name="Load Environment Variables" owner="env_loader">
<kw name="Get Environment Variable Or Default" owner="env_loader">
<kw name="Run Keyword And Return Status" owner="BuiltIn">
<kw name="Environment Variable Should Be Set" owner="OperatingSystem">
<msg time="2025-05-27T09:21:55.985947" level="FAIL">Environment variable 'JUICE_SHOP_URL' is not set.</msg>
<arg>${env_var}</arg>
<doc>Fails if the specified environment variable is not set.</doc>
<status status="FAIL" start="2025-05-27T09:21:55.985710" elapsed="0.000398">Environment variable 'JUICE_SHOP_URL' is not set.</status>
</kw>
<msg time="2025-05-27T09:21:55.986297" level="INFO">${value} = False</msg>
<var>${value}</var>
<arg>Environment Variable Should Be Set</arg>
<arg>${env_var}</arg>
<doc>Runs the given keyword with given arguments and returns the status as a Boolean value.</doc>
<status status="PASS" start="2025-05-27T09:21:55.985560" elapsed="0.000765"/>
</kw>
<kw name="Run Keyword If" owner="BuiltIn">
<kw name="Set Variable" owner="BuiltIn">
<arg>${default_value}</arg>
<doc>Returns the given values which can then be assigned to a variables.</doc>
<status status="PASS" start="2025-05-27T09:21:55.986577" elapsed="0.000087"/>
</kw>
<msg time="2025-05-27T09:21:55.986730" level="INFO">${result} = https://juice-shop.herokuapp.com</msg>
<var>${result}</var>
<arg>${value}</arg>
<arg>Get Environment Variable</arg>
<arg>${env_var}</arg>
<arg>ELSE</arg>
<arg>Set Variable</arg>
<arg>${default_value}</arg>
<doc>Runs the given keyword with the given arguments, if ``condition`` is true.</doc>
<status status="PASS" start="2025-05-27T09:21:55.986441" elapsed="0.000307"/>
</kw>
<return>
<value>${result}</value>
<status status="PASS" start="2025-05-27T09:21:55.986792" elapsed="0.000038"/>
</return>
<msg time="2025-05-27T09:21:55.986926" level="INFO">${BASE_URL} = https://juice-shop.herokuapp.com</msg>
<var>${BASE_URL}</var>
<arg>JUICE_SHOP_URL</arg>
<arg>${BASE_URL}</arg>
<status status="PASS" start="2025-05-27T09:21:55.984927" elapsed="0.002017"/>
</kw>
<kw name="Set Global Variable" owner="BuiltIn">
<msg time="2025-05-27T09:21:55.987141" level="INFO">${BASE_URL} = https://juice-shop.herokuapp.com</msg>
<arg>${BASE_URL}</arg>
<doc>Makes a variable available globally in all tests and suites.</doc>
<status status="PASS" start="2025-05-27T09:21:55.987023" elapsed="0.000147"/>
</kw>
<kw name="Get Environment Variable Or Default" owner="env_loader">
<kw name="Run Keyword And Return Status" owner="BuiltIn">
<kw name="Environment Variable Should Be Set" owner="OperatingSystem">
<msg time="2025-05-27T09:21:55.987690" level="FAIL">Environment variable 'JUICE_SHOP_LOGINURL' is not set.</msg>
<arg>${env_var}</arg>
<doc>Fails if the specified environment variable is not set.</doc>
<status status="FAIL" start="2025-05-27T09:21:55.987579" elapsed="0.000168">Environment variable 'JUICE_SHOP_LOGINURL' is not set.</status>
</kw>
<msg time="2025-05-27T09:21:55.987813" level="INFO">${value} = False</msg>
<var>${value}</var>
<arg>Environment Variable Should Be Set</arg>
<arg>${env_var}</arg>
<doc>Runs the given keyword with given arguments and returns the status as a Boolean value.</doc>
<status status="PASS" start="2025-05-27T09:21:55.987478" elapsed="0.000360"/>
</kw>
<kw name="Run Keyword If" owner="BuiltIn">
<kw name="Set Variable" owner="BuiltIn">
<arg>${default_value}</arg>
<doc>Returns the given values which can then be assigned to a variables.</doc>
<status status="PASS" start="2025-05-27T09:21:55.988047" elapsed="0.000081"/>
</kw>
<msg time="2025-05-27T09:21:55.988181" level="INFO">${result} = https://juice-shop.herokuapp.com/#/login</msg>
<var>${result}</var>
<arg>${value}</arg>
<arg>Get Environment Variable</arg>
<arg>${env_var}</arg>
<arg>ELSE</arg>
<arg>Set Variable</arg>
<arg>${default_value}</arg>
<doc>Runs the given keyword with the given arguments, if ``condition`` is true.</doc>
<status status="PASS" start="2025-05-27T09:21:55.987925" elapsed="0.000273"/>
</kw>
<return>
<value>${result}</value>
<status status="PASS" start="2025-05-27T09:21:55.988248" elapsed="0.000050"/>
</return>
<msg time="2025-05-27T09:21:55.988391" level="INFO">${LOGIN_URL} = https://juice-shop.herokuapp.com/#/login</msg>
<var>${LOGIN_URL}</var>
<arg>JUICE_SHOP_LOGINURL</arg>
<arg>${LOGIN_URL}</arg>
<status status="PASS" start="2025-05-27T09:21:55.987280" elapsed="0.001127"/>
</kw>
<kw name="Set Global Variable" owner="BuiltIn">
<msg time="2025-05-27T09:21:55.988600" level="INFO">${LOGIN_URL} = https://juice-shop.herokuapp.com/#/login</msg>
<arg>${LOGIN_URL}</arg>
<doc>Makes a variable available globally in all tests and suites.</doc>
<status status="PASS" start="2025-05-27T09:21:55.988480" elapsed="0.000145"/>
</kw>
<kw name="Get Environment Variable Or Default" owner="env_loader">
<kw name="Run Keyword And Return Status" owner="BuiltIn">
<kw name="Environment Variable Should Be Set" owner="OperatingSystem">
<msg time="2025-05-27T09:21:55.989102" level="FAIL">Environment variable 'JUICE_SHOP_EMAIL' is not set.</msg>
<arg>${env_var}</arg>
<doc>Fails if the specified environment variable is not set.</doc>
<status status="FAIL" start="2025-05-27T09:21:55.988995" elapsed="0.000164">Environment variable 'JUICE_SHOP_EMAIL' is not set.</status>
</kw>
<msg time="2025-05-27T09:21:55.989222" level="INFO">${value} = False</msg>
<var>${value}</var>
<arg>Environment Variable Should Be Set</arg>
<arg>${env_var}</arg>
<doc>Runs the given keyword with given arguments and returns the status as a Boolean value.</doc>
<status status="PASS" start="2025-05-27T09:21:55.988902" elapsed="0.000462"/>
</kw>
<kw name="Run Keyword If" owner="BuiltIn">
<kw name="Set Variable" owner="BuiltIn">
<arg>${default_value}</arg>
<doc>Returns the given values which can then be assigned to a variables.</doc>
<status status="PASS" start="2025-05-27T09:21:55.989859" elapsed="0.000094"/>
</kw>
<msg time="2025-05-27T09:21:55.990040" level="INFO">${result} = noom_pkbn@hotmail.com</msg>
<var>${result}</var>
<arg>${value}</arg>
<arg>Get Environment Variable</arg>
<arg>${env_var}</arg>
<arg>ELSE</arg>
<arg>Set Variable</arg>
<arg>${default_value}</arg>
<doc>Runs the given keyword with the given arguments, if ``condition`` is true.</doc>
<status status="PASS" start="2025-05-27T09:21:55.989602" elapsed="0.000462"/>
</kw>
<return>
<value>${result}</value>
<status status="PASS" start="2025-05-27T09:21:55.990132" elapsed="0.000036"/>
</return>
<msg time="2025-05-27T09:21:55.990318" level="INFO">${DEFAULT_EMAIL} = noom_pkbn@hotmail.com</msg>
<var>${DEFAULT_EMAIL}</var>
<arg>JUICE_SHOP_EMAIL</arg>
<arg>${DEFAULT_EMAIL}</arg>
<status status="PASS" start="2025-05-27T09:21:55.988721" elapsed="0.001624"/>
</kw>
<kw name="Set Global Variable" owner="BuiltIn">
<msg time="2025-05-27T09:21:55.990730" level="INFO">${DEFAULT_EMAIL} = noom_pkbn@hotmail.com</msg>
<arg>${DEFAULT_EMAIL}</arg>
<doc>Makes a variable available globally in all tests and suites.</doc>
<status status="PASS" start="2025-05-27T09:21:55.990480" elapsed="0.000298"/>
</kw>
<kw name="Get Environment Variable Or Default" owner="env_loader">
<kw name="Run Keyword And Return Status" owner="BuiltIn">
<kw name="Environment Variable Should Be Set" owner="OperatingSystem">
<msg time="2025-05-27T09:21:55.991357" level="FAIL">Environment variable 'JUICE_SHOP_PASSWORD' is not set.</msg>
<arg>${env_var}</arg>
<doc>Fails if the specified environment variable is not set.</doc>
<status status="FAIL" start="2025-05-27T09:21:55.991244" elapsed="0.000155">Environment variable 'JUICE_SHOP_PASSWORD' is not set.</status>
</kw>
<msg time="2025-05-27T09:21:55.991456" level="INFO">${value} = False</msg>
<var>${value}</var>
<arg>Environment Variable Should Be Set</arg>
<arg>${env_var}</arg>
<doc>Runs the given keyword with given arguments and returns the status as a Boolean value.</doc>
<status status="PASS" start="2025-05-27T09:21:55.991146" elapsed="0.000419"/>
</kw>
<kw name="Run Keyword If" owner="BuiltIn">
<kw name="Set Variable" owner="BuiltIn">
<arg>${default_value}</arg>
<doc>Returns the given values which can then be assigned to a variables.</doc>
<status status="PASS" start="2025-05-27T09:21:55.991783" elapsed="0.000073"/>
</kw>
<msg time="2025-05-27T09:21:55.991920" level="INFO">${result} = Test123!</msg>
<var>${result}</var>
<arg>${value}</arg>
<arg>Get Environment Variable</arg>
<arg>${env_var}</arg>
<arg>ELSE</arg>
<arg>Set Variable</arg>
<arg>${default_value}</arg>
<doc>Runs the given keyword with the given arguments, if ``condition`` is true.</doc>
<status status="PASS" start="2025-05-27T09:21:55.991658" elapsed="0.000278"/>
</kw>
<return>
<value>${result}</value>
<status status="PASS" start="2025-05-27T09:21:55.991979" elapsed="0.000024"/>
</return>
<msg time="2025-05-27T09:21:55.992077" level="INFO">${DEFAULT_PASSWORD} = Test123!</msg>
<var>${DEFAULT_PASSWORD}</var>
<arg>JUICE_SHOP_PASSWORD</arg>
<arg>${DEFAULT_PASSWORD}</arg>
<status status="PASS" start="2025-05-27T09:21:55.990974" elapsed="0.001121"/>
</kw>
<kw name="Set Global Variable" owner="BuiltIn">
<msg time="2025-05-27T09:21:55.992286" level="INFO">${DEFAULT_PASSWORD} = Test123!</msg>
<arg>${DEFAULT_PASSWORD}</arg>
<doc>Makes a variable available globally in all tests and suites.</doc>
<status status="PASS" start="2025-05-27T09:21:55.992170" elapsed="0.000143"/>
</kw>
<kw name="Get Environment Variable Or Default" owner="env_loader">
<kw name="Run Keyword And Return Status" owner="BuiltIn">
<kw name="Environment Variable Should Be Set" owner="OperatingSystem">
<msg time="2025-05-27T09:21:55.992770" level="FAIL">Environment variable 'BROWSER' is not set.</msg>
<arg>${env_var}</arg>
<doc>Fails if the specified environment variable is not set.</doc>
<status status="FAIL" start="2025-05-27T09:21:55.992671" elapsed="0.000141">Environment variable 'BROWSER' is not set.</status>
</kw>
<msg time="2025-05-27T09:21:55.992881" level="INFO">${value} = False</msg>
<var>${value}</var>
<arg>Environment Variable Should Be Set</arg>
<arg>${env_var}</arg>
<doc>Runs the given keyword with given arguments and returns the status as a Boolean value.</doc>
<status status="PASS" start="2025-05-27T09:21:55.992587" elapsed="0.000310"/>
</kw>
<kw name="Run Keyword If" owner="BuiltIn">
<kw name="Set Variable" owner="BuiltIn">
<arg>${default_value}</arg>
<doc>Returns the given values which can then be assigned to a variables.</doc>
<status status="PASS" start="2025-05-27T09:21:55.993093" elapsed="0.000076"/>
</kw>
<msg time="2025-05-27T09:21:55.993218" level="INFO">${result} = headlesschrome</msg>
<var>${result}</var>
<arg>${value}</arg>
<arg>Get Environment Variable</arg>
<arg>${env_var}</arg>
<arg>ELSE</arg>
<arg>Set Variable</arg>
<arg>${default_value}</arg>
<doc>Runs the given keyword with the given arguments, if ``condition`` is true.</doc>
<status status="PASS" start="2025-05-27T09:21:55.992978" elapsed="0.000262"/>
</kw>
<return>
<value>${result}</value>
<status status="PASS" start="2025-05-27T09:21:55.993280" elapsed="0.000024"/>
</return>
<msg time="2025-05-27T09:21:55.993382" level="INFO">${BROWSER} = headlesschrome</msg>
<var>${BROWSER}</var>
<arg>BROWSER</arg>
<arg>${BROWSER}</arg>
<status status="PASS" start="2025-05-27T09:21:55.992417" elapsed="0.000982"/>
</kw>
<kw name="Set Global Variable" owner="BuiltIn">
<msg time="2025-05-27T09:21:55.993567" level="INFO">${BROWSER} = headlesschrome</msg>
<arg>${BROWSER}</arg>
<doc>Makes a variable available globally in all tests and suites.</doc>
<status status="PASS" start="2025-05-27T09:21:55.993470" elapsed="0.000122"/>
</kw>
<kw name="Get Environment Variable Or Default" owner="env_loader">
<kw name="Run Keyword And Return Status" owner="BuiltIn">
<kw name="Environment Variable Should Be Set" owner="OperatingSystem">
<msg time="2025-05-27T09:21:55.994306" level="FAIL">Environment variable 'TIMEOUT' is not set.</msg>
<arg>${env_var}</arg>
<doc>Fails if the specified environment variable is not set.</doc>
<status status="FAIL" start="2025-05-27T09:21:55.993941" elapsed="0.000416">Environment variable 'TIMEOUT' is not set.</status>
</kw>
<msg time="2025-05-27T09:21:55.994445" level="INFO">${value} = False</msg>
<var>${value}</var>
<arg>Environment Variable Should Be Set</arg>
<arg>${env_var}</arg>
<doc>Runs the given keyword with given arguments and returns the status as a Boolean value.</doc>
<status status="PASS" start="2025-05-27T09:21:55.993855" elapsed="0.000607"/>
</kw>
<kw name="Run Keyword If" owner="BuiltIn">
<kw name="Set Variable" owner="BuiltIn">
<arg>${default_value}</arg>
<doc>Returns the given values which can then be assigned to a variables.</doc>
<status status="PASS" start="2025-05-27T09:21:55.994672" elapsed="0.000077"/>
</kw>
<msg time="2025-05-27T09:21:55.994808" level="INFO">${result} = 10</msg>
<var>${result}</var>
<arg>${value}</arg>
<arg>Get Environment Variable</arg>
<arg>${env_var}</arg>
<arg>ELSE</arg>
<arg>Set Variable</arg>
<arg>${default_value}</arg>
<doc>Runs the given keyword with the given arguments, if ``condition`` is true.</doc>
<status status="PASS" start="2025-05-27T09:21:55.994550" elapsed="0.000274"/>
</kw>
<return>
<value>${result}</value>
<status status="PASS" start="2025-05-27T09:21:55.994865" elapsed="0.000029"/>
</return>
<msg time="2025-05-27T09:21:55.994971" level="INFO">${TIMEOUT} = 10</msg>
<var>${TIMEOUT}</var>
<arg>TIMEOUT</arg>
<arg>${TIMEOUT}</arg>
<status status="PASS" start="2025-05-27T09:21:55.993686" elapsed="0.001302"/>
</kw>
<kw name="Set Global Variable" owner="BuiltIn">
<msg time="2025-05-27T09:21:55.995166" level="INFO">${TIMEOUT} = 10</msg>
<arg>${TIMEOUT}</arg>
<doc>Makes a variable available globally in all tests and suites.</doc>
<status status="PASS" start="2025-05-27T09:21:55.995064" elapsed="0.000128"/>
</kw>
<kw name="Log To Console" owner="BuiltIn">
<arg>Using URL: ${BASE_URL}</arg>
<doc>Logs the given message to the console.</doc>
<status status="PASS" start="2025-05-27T09:21:55.995272" elapsed="0.000405"/>
</kw>
<kw name="Log To Console" owner="BuiltIn">
<arg>Using Browser: ${BROWSER}</arg>
<doc>Logs the given message to the console.</doc>
<status status="PASS" start="2025-05-27T09:21:55.995790" elapsed="0.000288"/>
</kw>
<status status="PASS" start="2025-05-27T09:21:55.984689" elapsed="0.011504"/>
</kw>
<kw name="Navigate To Login Page" owner="login_page">
<kw name="Open Browser To Page" owner="base_page">
<kw name="Open Browser" owner="SeleniumLibrary">
<msg time="2025-05-27T09:21:55.996796" level="INFO">Opening browser 'headlesschrome' to base url 'https://juice-shop.herokuapp.com'.</msg>
<arg>${url}</arg>
<arg>${BROWSER}</arg>
<doc>Opens a new browser instance to the optional ``url``.</doc>
<status status="PASS" start="2025-05-27T09:21:55.996655" elapsed="6.856702"/>
</kw>
<kw name="Maximize Browser Window" owner="SeleniumLibrary">
<doc>Maximizes current browser window.</doc>
<status status="PASS" start="2025-05-27T09:22:02.853614" elapsed="0.031412"/>
</kw>
<kw name="Set Selenium Timeout" owner="SeleniumLibrary">
<arg>${TIMEOUT}</arg>
<doc>Sets the timeout that is used by various keywords.</doc>
<status status="PASS" start="2025-05-27T09:22:02.885236" elapsed="0.001701"/>
</kw>
<status status="PASS" start="2025-05-27T09:21:55.996463" elapsed="6.890559"/>
</kw>
<kw name="Dismiss Welcome Dialog If Present" owner="login_page">
<kw name="Run Keyword And Return Status" owner="BuiltIn">
<kw name="Element Should Be Visible" owner="SeleniumLibrary">
<msg time="2025-05-27T09:22:03.034020" level="INFO" html="true">&lt;/td&gt;&lt;/tr&gt;&lt;tr&gt;&lt;td colspan="3"&gt;&lt;a href="selenium-screenshot-48.png"&gt;&lt;img src="selenium-screenshot-48.png" width="800px"&gt;&lt;/a&gt;</msg>
<msg time="2025-05-27T09:22:03.034296" level="FAIL">5s</msg>
<arg>${WELCOME_DIALOG_DISMISS_BUTTON}</arg>
<arg>5s</arg>
<doc>Verifies that the element identified by ``locator`` is visible.</doc>
<status status="FAIL" start="2025-05-27T09:22:02.887572" elapsed="0.151451">5s</status>
</kw>
<msg time="2025-05-27T09:22:03.039134" level="INFO">${status} = False</msg>
<var>${status}</var>
<arg>Element Should Be Visible</arg>
<arg>${WELCOME_DIALOG_DISMISS_BUTTON}</arg>
<arg>5s</arg>
<doc>Runs the given keyword with given arguments and returns the status as a Boolean value.</doc>
<status status="PASS" start="2025-05-27T09:22:02.887428" elapsed="0.151731"/>
</kw>
<kw name="Run Keyword If" owner="BuiltIn">
<arg>${status}</arg>
<arg>Click Element</arg>
<arg>${WELCOME_DIALOG_DISMISS_BUTTON}</arg>
<doc>Runs the given keyword with the given arguments, if ``condition`` is true.</doc>
<status status="PASS" start="2025-05-27T09:22:03.039277" elapsed="0.000100"/>
</kw>
<status status="PASS" start="2025-05-27T09:22:02.887181" elapsed="0.152246"/>
</kw>
<kw name="Dismiss Cookie Notice If Present" owner="login_page">
<kw name="Run Keyword And Return Status" owner="BuiltIn">
<kw name="Element Should Be Visible" owner="SeleniumLibrary">
<msg time="2025-05-27T09:22:03.062983" level="INFO">Element 'class=cc-dismiss' is displayed.</msg>
<arg>${DISMISS_COOKIE_NOTICE}</arg>
<arg>5s</arg>
<doc>Verifies that the element identified by ``locator`` is visible.</doc>
<status status="PASS" start="2025-05-27T09:22:03.039813" elapsed="0.023239"/>
</kw>
<msg time="2025-05-27T09:22:03.063145" level="INFO">${status} = True</msg>
<var>${status}</var>
<arg>Element Should Be Visible</arg>
<arg>${DISMISS_COOKIE_NOTICE}</arg>
<arg>5s</arg>
<doc>Runs the given keyword with given arguments and returns the status as a Boolean value.</doc>
<status status="PASS" start="2025-05-27T09:22:03.039707" elapsed="0.023455"/>
</kw>
<kw name="Run Keyword If" owner="BuiltIn">
<kw name="Click Element" owner="SeleniumLibrary">
<msg time="2025-05-27T09:22:03.063584" level="INFO">Clicking element 'class=cc-dismiss'.</msg>
<arg>${DISMISS_COOKIE_NOTICE}</arg>
<doc>Click the element identified by ``locator``.</doc>
<status status="PASS" start="2025-05-27T09:22:03.063443" elapsed="0.079181"/>
</kw>
<arg>${status}</arg>
<arg>Click Element</arg>
<arg>${DISMISS_COOKIE_NOTICE}</arg>
<doc>Runs the given keyword with the given arguments, if ``condition`` is true.</doc>
<status status="PASS" start="2025-05-27T09:22:03.063276" elapsed="0.079465"/>
</kw>
<status status="PASS" start="2025-05-27T09:22:03.039538" elapsed="0.103278"/>
</kw>
<kw name="Open Browser To Page" owner="base_page">
<kw name="Open Browser" owner="SeleniumLibrary">
<msg time="2025-05-27T09:22:03.143468" level="INFO">Opening browser 'headlesschrome' to base url 'https://juice-shop.herokuapp.com/#/login'.</msg>
<arg>${url}</arg>
<arg>${BROWSER}</arg>
<doc>Opens a new browser instance to the optional ``url``.</doc>
<status status="PASS" start="2025-05-27T09:22:03.143288" elapsed="5.007312"/>
</kw>
<kw name="Maximize Browser Window" owner="SeleniumLibrary">
<doc>Maximizes current browser window.</doc>
<status status="PASS" start="2025-05-27T09:22:08.150768" elapsed="0.027026"/>
</kw>
<kw name="Set Selenium Timeout" owner="SeleniumLibrary">
<arg>${TIMEOUT}</arg>
<doc>Sets the timeout that is used by various keywords.</doc>
<status status="PASS" start="2025-05-27T09:22:08.178041" elapsed="0.003328"/>
</kw>
<arg>${LOGIN_URL}</arg>
<status status="PASS" start="2025-05-27T09:22:03.142971" elapsed="5.038497"/>
</kw>
<kw name="Dismiss Welcome Dialog If Present" owner="login_page">
<kw name="Run Keyword And Return Status" owner="BuiltIn">
<kw name="Element Should Be Visible" owner="SeleniumLibrary">
<msg time="2025-05-27T09:22:08.298930" level="INFO" html="true">&lt;/td&gt;&lt;/tr&gt;&lt;tr&gt;&lt;td colspan="3"&gt;&lt;a href="selenium-screenshot-49.png"&gt;&lt;img src="selenium-screenshot-49.png" width="800px"&gt;&lt;/a&gt;</msg>
<msg time="2025-05-27T09:22:08.299079" level="FAIL">Element with locator 'css=button[aria-label='Close Welcome Banner']' not found.</msg>
<arg>${WELCOME_DIALOG_DISMISS_BUTTON}</arg>
<arg>5s</arg>
<doc>Verifies that the element identified by ``locator`` is visible.</doc>
<status status="FAIL" start="2025-05-27T09:22:08.181963" elapsed="0.121620">Element with locator 'css=button[aria-label='Close Welcome Banner']' not found.</status>
</kw>
<msg time="2025-05-27T09:22:08.303702" level="INFO">${status} = False</msg>
<var>${status}</var>
<arg>Element Should Be Visible</arg>
<arg>${WELCOME_DIALOG_DISMISS_BUTTON}</arg>
<arg>5s</arg>
<doc>Runs the given keyword with given arguments and returns the status as a Boolean value.</doc>
<status status="PASS" start="2025-05-27T09:22:08.181843" elapsed="0.121885"/>
</kw>
<kw name="Run Keyword If" owner="BuiltIn">
<arg>${status}</arg>
<arg>Click Element</arg>
<arg>${WELCOME_DIALOG_DISMISS_BUTTON}</arg>
<doc>Runs the given keyword with the given arguments, if ``condition`` is true.</doc>
<status status="PASS" start="2025-05-27T09:22:08.303888" elapsed="0.000205"/>
</kw>
<status status="PASS" start="2025-05-27T09:22:08.181631" elapsed="0.122567"/>
</kw>
<kw name="Dismiss Cookie Notice If Present" owner="login_page">
<kw name="Run Keyword And Return Status" owner="BuiltIn">
<kw name="Element Should Be Visible" owner="SeleniumLibrary">
<msg time="2025-05-27T09:22:08.331088" level="INFO">Element 'class=cc-dismiss' is displayed.</msg>
<arg>${DISMISS_COOKIE_NOTICE}</arg>
<arg>5s</arg>
<doc>Verifies that the element identified by ``locator`` is visible.</doc>
<status status="PASS" start="2025-05-27T09:22:08.304952" elapsed="0.026251"/>
</kw>
<msg time="2025-05-27T09:22:08.331342" level="INFO">${status} = True</msg>
<var>${status}</var>
<arg>Element Should Be Visible</arg>
<arg>${DISMISS_COOKIE_NOTICE}</arg>
<arg>5s</arg>
<doc>Runs the given keyword with given arguments and returns the status as a Boolean value.</doc>
<status status="PASS" start="2025-05-27T09:22:08.304757" elapsed="0.026609"/>
</kw>
<kw name="Run Keyword If" owner="BuiltIn">
<kw name="Click Element" owner="SeleniumLibrary">
<msg time="2025-05-27T09:22:08.331940" level="INFO">Clicking element 'class=cc-dismiss'.</msg>
<arg>${DISMISS_COOKIE_NOTICE}</arg>
<doc>Click the element identified by ``locator``.</doc>
<status status="PASS" start="2025-05-27T09:22:08.331737" elapsed="0.071180"/>
</kw>
<arg>${status}</arg>
<arg>Click Element</arg>
<arg>${DISMISS_COOKIE_NOTICE}</arg>
<doc>Runs the given keyword with the given arguments, if ``condition`` is true.</doc>
<status status="PASS" start="2025-05-27T09:22:08.331508" elapsed="0.071488"/>
</kw>
<status status="PASS" start="2025-05-27T09:22:08.304428" elapsed="0.098624"/>
</kw>
<status status="PASS" start="2025-05-27T09:21:55.996316" elapsed="12.406771"/>
</kw>
<status status="PASS" start="2025-05-27T09:21:55.983918" elapsed="12.419210"/>
</kw>
<kw name="Login With Credentials" owner="login_page">
<kw name="Dismiss Welcome Dialog If Present" owner="login_page">
<kw name="Run Keyword And Return Status" owner="BuiltIn">
<kw name="Element Should Be Visible" owner="SeleniumLibrary">
<msg time="2025-05-27T09:22:08.550909" level="INFO" html="true">&lt;/td&gt;&lt;/tr&gt;&lt;tr&gt;&lt;td colspan="3"&gt;&lt;a href="selenium-screenshot-50.png"&gt;&lt;img src="selenium-screenshot-50.png" width="800px"&gt;&lt;/a&gt;</msg>
<msg time="2025-05-27T09:22:08.551141" level="FAIL">Element with locator 'css=button[aria-label='Close Welcome Banner']' not found.</msg>
<arg>${WELCOME_DIALOG_DISMISS_BUTTON}</arg>
<arg>5s</arg>
<doc>Verifies that the element identified by ``locator`` is visible.</doc>
<status status="FAIL" start="2025-05-27T09:22:08.404557" elapsed="0.147542">Element with locator 'css=button[aria-label='Close Welcome Banner']' not found.</status>
</kw>
<msg time="2025-05-27T09:22:08.552212" level="INFO">${status} = False</msg>
<var>${status}</var>
<arg>Element Should Be Visible</arg>
<arg>${WELCOME_DIALOG_DISMISS_BUTTON}</arg>
<arg>5s</arg>
<doc>Runs the given keyword with given arguments and returns the status as a Boolean value.</doc>
<status status="PASS" start="2025-05-27T09:22:08.404387" elapsed="0.147846"/>
</kw>
<kw name="Run Keyword If" owner="BuiltIn">
<arg>${status}</arg>
<arg>Click Element</arg>
<arg>${WELCOME_DIALOG_DISMISS_BUTTON}</arg>
<doc>Runs the given keyword with the given arguments, if ``condition`` is true.</doc>
<status status="PASS" start="2025-05-27T09:22:08.552436" elapsed="0.000165"/>
</kw>
<status status="PASS" start="2025-05-27T09:22:08.404175" elapsed="0.148500"/>
</kw>
<kw name="Dismiss Cookie Notice If Present" owner="login_page">
<kw name="Run Keyword And Return Status" owner="BuiltIn">
<kw name="Element Should Be Visible" owner="SeleniumLibrary">
<msg time="2025-05-27T09:22:08.591194" level="INFO">Element 'class=cc-dismiss' is displayed.</msg>
<arg>${DISMISS_COOKIE_NOTICE}</arg>
<arg>5s</arg>
<doc>Verifies that the element identified by ``locator`` is visible.</doc>
<status status="PASS" start="2025-05-27T09:22:08.553446" elapsed="0.037822"/>
</kw>
<msg time="2025-05-27T09:22:08.591368" level="INFO">${status} = True</msg>
<var>${status}</var>
<arg>Element Should Be Visible</arg>
<arg>${DISMISS_COOKIE_NOTICE}</arg>
<arg>5s</arg>
<doc>Runs the given keyword with given arguments and returns the status as a Boolean value.</doc>
<status status="PASS" start="2025-05-27T09:22:08.553307" elapsed="0.038079"/>
</kw>
<kw name="Run Keyword If" owner="BuiltIn">
<kw name="Click Element" owner="SeleniumLibrary">
<msg time="2025-05-27T09:22:08.591809" level="INFO">Clicking element 'class=cc-dismiss'.</msg>
<arg>${DISMISS_COOKIE_NOTICE}</arg>
<doc>Click the element identified by ``locator``.</doc>
<status status="PASS" start="2025-05-27T09:22:08.591671" elapsed="0.096368"/>
</kw>
<arg>${status}</arg>
<arg>Click Element</arg>
<arg>${DISMISS_COOKIE_NOTICE}</arg>
<doc>Runs the given keyword with the given arguments, if ``condition`` is true.</doc>
<status status="PASS" start="2025-05-27T09:22:08.591513" elapsed="0.096709"/>
</kw>
<status status="PASS" start="2025-05-27T09:22:08.552982" elapsed="0.135380"/>
</kw>
<kw name="Input Text When Ready" owner="base_page">
<kw name="Wait Until Element Is Visible And Enabled" owner="base_page">
<kw name="Wait Until Element Is Visible" owner="SeleniumLibrary">
<arg>${locator}</arg>
<arg>${timeout}</arg>
<doc>Waits until the element ``locator`` is visible.</doc>
<status status="PASS" start="2025-05-27T09:22:08.689654" elapsed="0.017554"/>
</kw>
<kw name="Wait Until Element Is Enabled" owner="SeleniumLibrary">
<arg>${locator}</arg>
<arg>${timeout}</arg>
<doc>Waits until the element ``locator`` is enabled.</doc>
<status status="PASS" start="2025-05-27T09:22:08.707376" elapsed="0.042330"/>
</kw>
<arg>${locator}</arg>
<arg>${timeout}</arg>
<status status="PASS" start="2025-05-27T09:22:08.689224" elapsed="0.060593"/>
</kw>
<kw name="Input Text" owner="SeleniumLibrary">
<msg time="2025-05-27T09:22:08.750171" level="INFO">Typing text 'noom_pkbn@hotmail.com' into text field 'id=email'.</msg>
<arg>${locator}</arg>
<arg>${text}</arg>
<doc>Types the given ``text`` into the text field identified by ``locator``.</doc>
<status status="PASS" start="2025-05-27T09:22:08.749944" elapsed="0.190608"/>
</kw>
<arg>${LOGIN_EMAIL_FIELD}</arg>
<arg>${email}</arg>
<status status="PASS" start="2025-05-27T09:22:08.688706" elapsed="0.252004"/>
</kw>
<kw name="Input Text When Ready" owner="base_page">
<kw name="Wait Until Element Is Visible And Enabled" owner="base_page">
<kw name="Wait Until Element Is Visible" owner="SeleniumLibrary">
<arg>${locator}</arg>
<arg>${timeout}</arg>
<doc>Waits until the element ``locator`` is visible.</doc>
<status status="PASS" start="2025-05-27T09:22:08.941898" elapsed="0.034555"/>
</kw>
<kw name="Wait Until Element Is Enabled" owner="SeleniumLibrary">
<arg>${locator}</arg>
<arg>${timeout}</arg>
<doc>Waits until the element ``locator`` is enabled.</doc>
<status status="PASS" start="2025-05-27T09:22:08.976691" elapsed="0.047634"/>
</kw>
<arg>${locator}</arg>
<arg>${timeout}</arg>
<status status="PASS" start="2025-05-27T09:22:08.941516" elapsed="0.082931"/>
</kw>
<kw name="Input Text" owner="SeleniumLibrary">
<msg time="2025-05-27T09:22:09.025023" level="INFO">Typing text 'Test123!' into text field 'id=password'.</msg>
<arg>${locator}</arg>
<arg>${text}</arg>
<doc>Types the given ``text`` into the text field identified by ``locator``.</doc>
<status status="PASS" start="2025-05-27T09:22:09.024644" elapsed="0.177428"/>
</kw>
<arg>${LOGIN_PASSWORD_FIELD}</arg>
<arg>${password}</arg>
<status status="PASS" start="2025-05-27T09:22:08.940930" elapsed="0.261339"/>
</kw>
<kw name="Dismiss Welcome Dialog If Present" owner="login_page">
<kw name="Run Keyword And Return Status" owner="BuiltIn">
<kw name="Element Should Be Visible" owner="SeleniumLibrary">
<msg time="2025-05-27T09:22:09.354166" level="INFO" html="true">&lt;/td&gt;&lt;/tr&gt;&lt;tr&gt;&lt;td colspan="3"&gt;&lt;a href="selenium-screenshot-51.png"&gt;&lt;img src="selenium-screenshot-51.png" width="800px"&gt;&lt;/a&gt;</msg>
<msg time="2025-05-27T09:22:09.354363" level="FAIL">5s</msg>
<arg>${WELCOME_DIALOG_DISMISS_BUTTON}</arg>
<arg>5s</arg>
<doc>Verifies that the element identified by ``locator`` is visible.</doc>
<status status="FAIL" start="2025-05-27T09:22:09.203251" elapsed="0.152998">5s</status>
</kw>
<msg time="2025-05-27T09:22:09.356451" level="INFO">${status} = False</msg>
<var>${status}</var>
<arg>Element Should Be Visible</arg>
<arg>${WELCOME_DIALOG_DISMISS_BUTTON}</arg>
<arg>5s</arg>
<doc>Runs the given keyword with given arguments and returns the status as a Boolean value.</doc>
<status status="PASS" start="2025-05-27T09:22:09.202907" elapsed="0.153572"/>
</kw>
<kw name="Run Keyword If" owner="BuiltIn">
<arg>${status}</arg>
<arg>Click Element</arg>
<arg>${WELCOME_DIALOG_DISMISS_BUTTON}</arg>
<doc>Runs the given keyword with the given arguments, if ``condition`` is true.</doc>
<status status="PASS" start="2025-05-27T09:22:09.356659" elapsed="0.000131"/>
</kw>
<status status="PASS" start="2025-05-27T09:22:09.202498" elapsed="0.154374"/>
</kw>
<kw name="Dismiss Cookie Notice If Present" owner="login_page">
<kw name="Run Keyword And Return Status" owner="BuiltIn">
<kw name="Element Should Be Visible" owner="SeleniumLibrary">
<msg time="2025-05-27T09:22:09.476733" level="INFO" html="true">&lt;/td&gt;&lt;/tr&gt;&lt;tr&gt;&lt;td colspan="3"&gt;&lt;a href="selenium-screenshot-52.png"&gt;&lt;img src="selenium-screenshot-52.png" width="800px"&gt;&lt;/a&gt;</msg>
<msg time="2025-05-27T09:22:09.476916" level="FAIL">5s</msg>
<arg>${DISMISS_COOKIE_NOTICE}</arg>
<arg>5s</arg>
<doc>Verifies that the element identified by ``locator`` is visible.</doc>
<status status="FAIL" start="2025-05-27T09:22:09.357544" elapsed="0.120158">5s</status>
</kw>
<msg time="2025-05-27T09:22:09.477865" level="INFO">${status} = False</msg>
<var>${status}</var>
<arg>Element Should Be Visible</arg>
<arg>${DISMISS_COOKIE_NOTICE}</arg>
<arg>5s</arg>
<doc>Runs the given keyword with given arguments and returns the status as a Boolean value.</doc>
<status status="PASS" start="2025-05-27T09:22:09.357353" elapsed="0.120551"/>
</kw>
<kw name="Run Keyword If" owner="BuiltIn">
<arg>${status}</arg>
<arg>Click Element</arg>
<arg>${DISMISS_COOKIE_NOTICE}</arg>
<doc>Runs the given keyword with the given arguments, if ``condition`` is true.</doc>
<status status="PASS" start="2025-05-27T09:22:09.478056" elapsed="0.000132"/>
</kw>
<status status="PASS" start="2025-05-27T09:22:09.357049" elapsed="0.121210"/>
</kw>
<kw name="Click Element When Ready" owner="base_page">
<kw name="Wait Until Element Is Visible And Enabled" owner="base_page">
<kw name="Wait Until Element Is Visible" owner="SeleniumLibrary">
<arg>${locator}</arg>
<arg>${timeout}</arg>
<doc>Waits until the element ``locator`` is visible.</doc>
<status status="PASS" start="2025-05-27T09:22:09.478923" elapsed="0.028648"/>
</kw>
<kw name="Wait Until Element Is Enabled" owner="SeleniumLibrary">
<arg>${locator}</arg>
<arg>${timeout}</arg>
<doc>Waits until the element ``locator`` is enabled.</doc>
<status status="PASS" start="2025-05-27T09:22:09.507783" elapsed="0.039898"/>
</kw>
<arg>${locator}</arg>
<arg>${timeout}</arg>
<status status="PASS" start="2025-05-27T09:22:09.478671" elapsed="0.069365"/>
</kw>
<kw name="Click Element" owner="SeleniumLibrary">
<msg time="2025-05-27T09:22:09.548641" level="INFO">Clicking element 'css=button[aria-label='Login']'.</msg>
<msg time="2025-05-27T09:22:10.716710" level="INFO" html="true">&lt;/td&gt;&lt;/tr&gt;&lt;tr&gt;&lt;td colspan="3"&gt;&lt;a href="selenium-screenshot-53.png"&gt;&lt;img src="selenium-screenshot-53.png" width="800px"&gt;&lt;/a&gt;</msg>
<msg time="2025-05-27T09:22:10.716906" level="FAIL">ElementClickInterceptedException: Message: element click intercepted: Element &lt;button _ngcontent-ng-c1525631752="" type="submit" id="loginButton" mat-raised-button="" color="primary" aria-label="Login" mat-ripple-loader-uninitialized="" mat-ripple-loader-class-name="mat-mdc-button-ripple" class="mdc-button mdc-button--raised mat-mdc-raised-button mat-primary mat-mdc-button-base"&gt;...&lt;/button&gt; is not clickable at point (383, 424). Other element would receive the click: &lt;p&gt;...&lt;/p&gt;
  (Session info: chrome=137.0.7151.41)
Stacktrace:
	GetHandleVerifier [0x0x7ff6eaff91f5+2853845]
	GetHandleVerifier [0x0x7ff6ead53ac0+79008]
	(No symbol) [0x0x7ff6eab19bda]
	(No symbol) [0x0x7ff6eab780e9]
	(No symbol) [0x0x7ff6eab75a8b]
	(No symbol) [0x0x7ff6eab72ad1]
	(No symbol) [0x0x7ff6eab719d1]
	(No symbol) [0x0x7ff6eab63004]
	(No symbol) [0x0x7ff6eab984ba]
	(No symbol) [0x0x7ff6eab628b6]
	(No symbol) [0x0x7ff6eab986d0]
	(No symbol) [0x0x7ff6eabc08f5]
	(No symbol) [0x0x7ff6eab98293]
	(No symbol) [0x0x7ff6eab61061]
	(No symbol) [0x0x7ff6eab61df3]
	GetHandleVerifier [0x0x7ff6eb02410d+3029741]
	GetHandleVerifier [0x0x7ff6eb01e52d+3006221]
	GetHandleVerifier [0x0x7ff6eb03d5b2+3133330]
	GetHandleVerifier [0x0x7ff6ead6d98e+185198]
	GetHandleVerifier [0x0x7ff6ead74edf+215231]
	GetHandleVerifier [0x0x7ff6ead5c324+113924]
	GetHandleVerifier [0x0x7ff6ead5c4d9+114361]
	GetHandleVerifier [0x0x7ff6ead43208+11240]
	BaseThreadInitThunk [0x0x7ffa79aee8d7+23]
	RtlUserThreadStart [0x0x7ffa7a0fc5dc+44]
</msg>
<arg>${locator}</arg>
<doc>Click the element identified by ``locator``.</doc>
<status status="FAIL" start="2025-05-27T09:22:09.548313" elapsed="1.178572">ElementClickInterceptedException: Message: element click intercepted: Element &lt;button _ngcontent-ng-c1525631752="" type="submit" id="loginButton" mat-raised-button="" color="primary" aria-label="Login" mat-ripple-loader-uninitialized="" mat-ripple-loader-class-name="mat-mdc-button-ripple" class="mdc-button mdc-button--raised mat-mdc-raised-button mat-primary mat-mdc-button-base"&gt;...&lt;/button&gt; is not clickable at point (383, 424). Other element would receive the click: &lt;p&gt;...&lt;/p&gt;
  (Session info: chrome=137.0.7151.41)
Stacktrace:
	GetHandleVerifier [0x0x7ff6eaff91f5+2853845]
	GetHandleVerifier [0x0x7ff6ead53ac0+79008]
	(No symbol) [0x0x7ff6eab19bda]
	(No symbol) [0x0x7ff6eab780e9]
	(No symbol) [0x0x7ff6eab75a8b]
	(No symbol) [0x0x7ff6eab72ad1]
	(No symbol) [0x0x7ff6eab719d1]
	(No symbol) [0x0x7ff6eab63004]
	(No symbol) [0x0x7ff6eab984ba]
	(No symbol) [0x0x7ff6eab628b6]
	(No symbol) [0x0x7ff6eab986d0]
	(No symbol) [0x0x7ff6eabc08f5]
	(No symbol) [0x0x7ff6eab98293]
	(No symbol) [0x0x7ff6eab61061]
	(No symbol) [0x0x7ff6eab61df3]
	GetHandleVerifier [0x0x7ff6eb02410d+3029741]
	GetHandleVerifier [0x0x7ff6eb01e52d+3006221]
	GetHandleVerifier [0x0x7ff6eb03d5b2+3133330]
	GetHandleVerifier [0x0x7ff6ead6d98e+185198]
	GetHandleVerifier [0x0x7ff6ead74edf+215231]
	GetHandleVerifier [0x0x7ff6ead5c324+113924]
	GetHandleVerifier [0x0x7ff6ead5c4d9+114361]
	GetHandleVerifier [0x0x7ff6ead43208+11240]
	BaseThreadInitThunk [0x0x7ffa79aee8d7+23]
	RtlUserThreadStart [0x0x7ffa7a0fc5dc+44]
</status>
</kw>
<arg>${LOGIN_BUTTON}</arg>
<status status="FAIL" start="2025-05-27T09:22:09.478403" elapsed="1.248737">ElementClickInterceptedException: Message: element click intercepted: Element &lt;button _ngcontent-ng-c1525631752="" type="submit" id="loginButton" mat-raised-button="" color="primary" aria-label="Login" mat-ripple-loader-uninitialized="" mat-ripple-loader-class-name="mat-mdc-button-ripple" class="mdc-button mdc-button--raised mat-mdc-raised-button mat-primary mat-mdc-button-base"&gt;...&lt;/button&gt; is not clickable at point (383, 424). Other element would receive the click: &lt;p&gt;...&lt;/p&gt;
  (Session info: chrome=137.0.7151.41)
Stacktrace:
	GetHandleVerifier [0x0x7ff6eaff91f5+2853845]
	GetHandleVerifier [0x0x7ff6ead53ac0+79008]
	(No symbol) [0x0x7ff6eab19bda]
	(No symbol) [0x0x7ff6eab780e9]
	(No symbol) [0x0x7ff6eab75a8b]
	(No symbol) [0x0x7ff6eab72ad1]
	(No symbol) [0x0x7ff6eab719d1]
	(No symbol) [0x0x7ff6eab63004]
	(No symbol) [0x0x7ff6eab984ba]
	(No symbol) [0x0x7ff6eab628b6]
	(No symbol) [0x0x7ff6eab986d0]
	(No symbol) [0x0x7ff6eabc08f5]
	(No symbol) [0x0x7ff6eab98293]
	(No symbol) [0x0x7ff6eab61061]
	(No symbol) [0x0x7ff6eab61df3]
	GetHandleVerifier [0x0x7ff6eb02410d+3029741]
	GetHandleVerifier [0x0x7ff6eb01e52d+3006221]
	GetHandleVerifier [0x0x7ff6eb03d5b2+3133330]
	GetHandleVerifier [0x0x7ff6ead6d98e+185198]
	GetHandleVerifier [0x0x7ff6ead74edf+215231]
	GetHandleVerifier [0x0x7ff6ead5c324+113924]
	GetHandleVerifier [0x0x7ff6ead5c4d9+114361]
	GetHandleVerifier [0x0x7ff6ead43208+11240]
	BaseThreadInitThunk [0x0x7ffa79aee8d7+23]
	RtlUserThreadStart [0x0x7ffa7a0fc5dc+44]
</status>
</kw>
<arg>${DEFAULT_EMAIL}</arg>
<arg>${DEFAULT_PASSWORD}</arg>
<status status="FAIL" start="2025-05-27T09:22:08.403737" elapsed="2.323536">ElementClickInterceptedException: Message: element click intercepted: Element &lt;button _ngcontent-ng-c1525631752="" type="submit" id="loginButton" mat-raised-button="" color="primary" aria-label="Login" mat-ripple-loader-uninitialized="" mat-ripple-loader-class-name="mat-mdc-button-ripple" class="mdc-button mdc-button--raised mat-mdc-raised-button mat-primary mat-mdc-button-base"&gt;...&lt;/button&gt; is not clickable at point (383, 424). Other element would receive the click: &lt;p&gt;...&lt;/p&gt;
  (Session info: chrome=137.0.7151.41)
Stacktrace:
	GetHandleVerifier [0x0x7ff6eaff91f5+2853845]
	GetHandleVerifier [0x0x7ff6ead53ac0+79008]
	(No symbol) [0x0x7ff6eab19bda]
	(No symbol) [0x0x7ff6eab780e9]
	(No symbol) [0x0x7ff6eab75a8b]
	(No symbol) [0x0x7ff6eab72ad1]
	(No symbol) [0x0x7ff6eab719d1]
	(No symbol) [0x0x7ff6eab63004]
	(No symbol) [0x0x7ff6eab984ba]
	(No symbol) [0x0x7ff6eab628b6]
	(No symbol) [0x0x7ff6eab986d0]
	(No symbol) [0x0x7ff6eabc08f5]
	(No symbol) [0x0x7ff6eab98293]
	(No symbol) [0x0x7ff6eab61061]
	(No symbol) [0x0x7ff6eab61df3]
	GetHandleVerifier [0x0x7ff6eb02410d+3029741]
	GetHandleVerifier [0x0x7ff6eb01e52d+3006221]
	GetHandleVerifier [0x0x7ff6eb03d5b2+3133330]
	GetHandleVerifier [0x0x7ff6ead6d98e+185198]
	GetHandleVerifier [0x0x7ff6ead74edf+215231]
	GetHandleVerifier [0x0x7ff6ead5c324+113924]
	GetHandleVerifier [0x0x7ff6ead5c4d9+114361]
	GetHandleVerifier [0x0x7ff6ead43208+11240]
	BaseThreadInitThunk [0x0x7ffa79aee8d7+23]
	RtlUserThreadStart [0x0x7ffa7a0fc5dc+44]
</status>
</kw>
<kw name="Add Product To Basket" owner="product_page">
<arg>1</arg>
<status status="NOT RUN" start="2025-05-27T09:22:10.727919" elapsed="0.000047"/>
</kw>
<kw name="Go To Basket" owner="product_page">
<status status="NOT RUN" start="2025-05-27T09:22:10.728466" elapsed="0.000040"/>
</kw>
<kw name="Verify Items In Basket" owner="basket_page">
<arg>1</arg>
<status status="NOT RUN" start="2025-05-27T09:22:10.729048" elapsed="0.000039"/>
</kw>
<kw name="Proceed To Checkout" owner="basket_page">
<status status="NOT RUN" start="2025-05-27T09:22:10.729655" elapsed="0.000043"/>
</kw>
<kw name="Add New Address" owner="checkout_page">
<status status="NOT RUN" start="2025-05-27T09:22:10.730112" elapsed="0.000041"/>
</kw>
<kw name="Fill Address Form" owner="address_page">
<arg>${TEST_COUNTRY}</arg>
<arg>${TEST_NAME}</arg>
<arg>${TEST_MOBILE}</arg>
<arg>${TEST_ZIP}</arg>
<arg>${TEST_ADDRESS}</arg>
<arg>${TEST_CITY}</arg>
<arg>${TEST_STATE}</arg>
<status status="NOT RUN" start="2025-05-27T09:22:10.730720" elapsed="0.000051"/>
</kw>
<kw name="Submit Address Form" owner="address_page">
<status status="NOT RUN" start="2025-05-27T09:22:10.731470" elapsed="0.000044"/>
</kw>
<kw name="Element Should Be Visible And Enabled" owner="base_page">
<arg>${CONTINUE_BUTTON}</arg>
<status status="NOT RUN" start="2025-05-27T09:22:10.732706" elapsed="0.000067"/>
</kw>
<kw name="Close All Browsers" owner="SeleniumLibrary" type="TEARDOWN">
<doc>Closes all open browsers and resets the browser cache.</doc>
<status status="PASS" start="2025-05-27T09:22:10.733541" elapsed="4.322086"/>
</kw>
<doc>Tests the flow of logging in, adding 1 item to basket, and completing checkout with a new address</doc>
<status status="FAIL" start="2025-05-27T09:21:55.982816" elapsed="19.074412">ElementClickInterceptedException: Message: element click intercepted: Element &lt;button _ngcontent-ng-c1525631752="" type="submit" id="loginButton" mat-raised-button="" color="primary" aria-label="Login" mat-ripple-loader-uninitialized="" mat-ripple-loader-class-name="mat-mdc-button-ripple" class="mdc-button mdc-button--raised mat-mdc-raised-button mat-primary mat-mdc-button-base"&gt;...&lt;/button&gt; is not clickable at point (383, 424). Other element would receive the click: &lt;p&gt;...&lt;/p&gt;
  (Session info: chrome=137.0.7151.41)
Stacktrace:
	GetHandleVerifier [0x0x7ff6eaff91f5+2853845]
	GetHandleVerifier [0x0x7ff6ead53ac0+79008]
	(No symbol) [0x0x7ff6eab19bda]
	(No symbol) [0x0x7ff6eab780e9]
	(No symbol) [0x0x7ff6eab75a8b]
	(No symbol) [0x0x7ff6eab72ad1]
	(No symbol) [0x0x7ff6eab719d1]
	(No symbol) [0x0x7ff6eab63004]
	(No symbol) [0x0x7ff6eab984ba]
	(No symbol) [0x0x7ff6eab628b6]
	(No symbol) [0x0x7ff6eab986d0]
	(No symbol) [0x0x7ff6eabc08f5]
	(No symbol) [0x0x7ff6eab98293]
	(No symbol) [0x0x7ff6eab61061]
	(No symbol) [0x0x7ff6eab61df3]
	GetHandleVerifier [0x0x7ff6eb02410d+3029741]
	GetHandleVerifier [0x0x7ff6eb01e52d+3006221]
	GetHandleVerifier [0x0x7ff6eb03d5b2+3133330]
	GetHandleVerifier [0x0x7ff6ead6d98e+185198]
	GetHandleVerifier [0x0x7ff6ead74edf+215231]
	GetHandleVerifier [0x0x7ff6ead5c324+113924]
	GetHandleVerifier [0x0x7ff6ead5c4d9+114361]
	GetHandleVerifier [0x0x7ff6ead43208+11240]
	BaseThreadInitThunk [0x0x7ffa79aee8d7+23]
	RtlUserThreadStart [0x0x7ffa7a0fc5dc+44]
</status>
</test>
<doc>Test scenario 1: Login, add 1 item to basket, checkout, add address</doc>
<status status="FAIL" start="2025-05-27T09:21:55.531335" elapsed="19.539478"/>
</suite>
<statistics>
<total>
<stat pass="0" fail="1" skip="0">All Tests</stat>
</total>
<tag>
</tag>
<suite>
<stat name="Scenario1 Test" id="s1" pass="0" fail="1" skip="0">Scenario1 Test</stat>
</suite>
</statistics>
<errors>
</errors>
</robot>
