<?xml version="1.0" encoding="UTF-8"?>
<robot generator="Robot 7.2.2 (Python 3.11.0rc1 on linux)" generated="2025-05-26T00:20:15.027392" rpa="false" schemaversion="5">
<suite id="s1" name="Scenario1 Test" source="/home/ubuntu/juice-shop-tests/tests/scenario1_test.robot">
<test id="s1-t1" name="User Should Be Able To Login Add One Item And Complete Checkout" line="14">
<kw name="Setup Test" type="SETUP">
<kw name="Load Environment Variables" owner="env_loader">
<kw name="Get Environment Variable Or Default" owner="env_loader">
<kw name="Run Keyword And Return Status" owner="BuiltIn">
<kw name="Environment Variable Should Be Set" owner="OperatingSystem">
<arg>${env_var}</arg>
<doc>Fails if the specified environment variable is not set.</doc>
<status status="NOT RUN" start="2025-05-26T00:20:15.188627" elapsed="0.000095"/>
</kw>
<var>${value}</var>
<arg>Environment Variable Should Be Set</arg>
<arg>${env_var}</arg>
<doc>Runs the given keyword with given arguments and returns the status as a Boolean value.</doc>
<status status="PASS" start="2025-05-26T00:20:15.188448" elapsed="0.000348"/>
</kw>
<kw name="Run Keyword If" owner="BuiltIn">
<kw name="Get Environment Variable" owner="OperatingSystem">
<arg>${env_var}</arg>
<doc>Returns the value of an environment variable with the given name.</doc>
<status status="NOT RUN" start="2025-05-26T00:20:15.189085" elapsed="0.000061"/>
</kw>
<kw name="Set Variable" owner="BuiltIn">
<arg>${default_value}</arg>
<doc>Returns the given values which can then be assigned to a variables.</doc>
<status status="NOT RUN" start="2025-05-26T00:20:15.189274" elapsed="0.000057"/>
</kw>
<var>${result}</var>
<arg>${value}</arg>
<arg>Get Environment Variable</arg>
<arg>${env_var}</arg>
<arg>ELSE</arg>
<arg>Set Variable</arg>
<arg>${default_value}</arg>
<doc>Runs the given keyword with the given arguments, if ``condition`` is true.</doc>
<status status="PASS" start="2025-05-26T00:20:15.188930" elapsed="0.000444"/>
</kw>
<return>
<value>${result}</value>
<status status="PASS" start="2025-05-26T00:20:15.189437" elapsed="0.000034"/>
</return>
<var>${BASE_URL}</var>
<arg>JUICE_SHOP_URL</arg>
<arg>${BASE_URL}</arg>
<status status="PASS" start="2025-05-26T00:20:15.187752" elapsed="0.001772"/>
</kw>
<kw name="Set Global Variable" owner="BuiltIn">
<arg>${BASE_URL}</arg>
<doc>Makes a variable available globally in all tests and suites.</doc>
<status status="NOT RUN" start="2025-05-26T00:20:15.189661" elapsed="0.000059"/>
</kw>
<kw name="Get Environment Variable Or Default" owner="env_loader">
<kw name="Run Keyword And Return Status" owner="BuiltIn">
<kw name="Environment Variable Should Be Set" owner="OperatingSystem">
<arg>${env_var}</arg>
<doc>Fails if the specified environment variable is not set.</doc>
<status status="NOT RUN" start="2025-05-26T00:20:15.190228" elapsed="0.000075"/>
</kw>
<var>${value}</var>
<arg>Environment Variable Should Be Set</arg>
<arg>${env_var}</arg>
<doc>Runs the given keyword with given arguments and returns the status as a Boolean value.</doc>
<status status="PASS" start="2025-05-26T00:20:15.190077" elapsed="0.000274"/>
</kw>
<kw name="Run Keyword If" owner="BuiltIn">
<kw name="Get Environment Variable" owner="OperatingSystem">
<arg>${env_var}</arg>
<doc>Returns the value of an environment variable with the given name.</doc>
<status status="NOT RUN" start="2025-05-26T00:20:15.190580" elapsed="0.000050"/>
</kw>
<kw name="Set Variable" owner="BuiltIn">
<arg>${default_value}</arg>
<doc>Returns the given values which can then be assigned to a variables.</doc>
<status status="NOT RUN" start="2025-05-26T00:20:15.190722" elapsed="0.000042"/>
</kw>
<var>${result}</var>
<arg>${value}</arg>
<arg>Get Environment Variable</arg>
<arg>${env_var}</arg>
<arg>ELSE</arg>
<arg>Set Variable</arg>
<arg>${default_value}</arg>
<doc>Runs the given keyword with the given arguments, if ``condition`` is true.</doc>
<status status="PASS" start="2025-05-26T00:20:15.190458" elapsed="0.000342"/>
</kw>
<return>
<value>${result}</value>
<status status="PASS" start="2025-05-26T00:20:15.190852" elapsed="0.000023"/>
</return>
<var>${DEFAULT_EMAIL}</var>
<arg>JUICE_SHOP_EMAIL</arg>
<arg>${DEFAULT_EMAIL}</arg>
<status status="PASS" start="2025-05-26T00:20:15.189869" elapsed="0.001050"/>
</kw>
<kw name="Set Global Variable" owner="BuiltIn">
<arg>${DEFAULT_EMAIL}</arg>
<doc>Makes a variable available globally in all tests and suites.</doc>
<status status="NOT RUN" start="2025-05-26T00:20:15.191017" elapsed="0.000062"/>
</kw>
<kw name="Get Environment Variable Or Default" owner="env_loader">
<kw name="Run Keyword And Return Status" owner="BuiltIn">
<kw name="Environment Variable Should Be Set" owner="OperatingSystem">
<arg>${env_var}</arg>
<doc>Fails if the specified environment variable is not set.</doc>
<status status="NOT RUN" start="2025-05-26T00:20:15.191628" elapsed="0.000055"/>
</kw>
<var>${value}</var>
<arg>Environment Variable Should Be Set</arg>
<arg>${env_var}</arg>
<doc>Runs the given keyword with given arguments and returns the status as a Boolean value.</doc>
<status status="PASS" start="2025-05-26T00:20:15.191512" elapsed="0.000212"/>
</kw>
<kw name="Run Keyword If" owner="BuiltIn">
<kw name="Get Environment Variable" owner="OperatingSystem">
<arg>${env_var}</arg>
<doc>Returns the value of an environment variable with the given name.</doc>
<status status="NOT RUN" start="2025-05-26T00:20:15.191934" elapsed="0.000050"/>
</kw>
<kw name="Set Variable" owner="BuiltIn">
<arg>${default_value}</arg>
<doc>Returns the given values which can then be assigned to a variables.</doc>
<status status="NOT RUN" start="2025-05-26T00:20:15.192077" elapsed="0.000040"/>
</kw>
<var>${result}</var>
<arg>${value}</arg>
<arg>Get Environment Variable</arg>
<arg>${env_var}</arg>
<arg>ELSE</arg>
<arg>Set Variable</arg>
<arg>${default_value}</arg>
<doc>Runs the given keyword with the given arguments, if ``condition`` is true.</doc>
<status status="PASS" start="2025-05-26T00:20:15.191820" elapsed="0.000328"/>
</kw>
<return>
<value>${result}</value>
<status status="PASS" start="2025-05-26T00:20:15.192231" elapsed="0.000022"/>
</return>
<var>${DEFAULT_PASSWORD}</var>
<arg>JUICE_SHOP_PASSWORD</arg>
<arg>${DEFAULT_PASSWORD}</arg>
<status status="PASS" start="2025-05-26T00:20:15.191211" elapsed="0.001085"/>
</kw>
<kw name="Set Global Variable" owner="BuiltIn">
<arg>${DEFAULT_PASSWORD}</arg>
<doc>Makes a variable available globally in all tests and suites.</doc>
<status status="NOT RUN" start="2025-05-26T00:20:15.192394" elapsed="0.000071"/>
</kw>
<kw name="Get Environment Variable Or Default" owner="env_loader">
<kw name="Run Keyword And Return Status" owner="BuiltIn">
<kw name="Environment Variable Should Be Set" owner="OperatingSystem">
<arg>${env_var}</arg>
<doc>Fails if the specified environment variable is not set.</doc>
<status status="NOT RUN" start="2025-05-26T00:20:15.192901" elapsed="0.000062"/>
</kw>
<var>${value}</var>
<arg>Environment Variable Should Be Set</arg>
<arg>${env_var}</arg>
<doc>Runs the given keyword with given arguments and returns the status as a Boolean value.</doc>
<status status="PASS" start="2025-05-26T00:20:15.192781" elapsed="0.000222"/>
</kw>
<kw name="Run Keyword If" owner="BuiltIn">
<kw name="Get Environment Variable" owner="OperatingSystem">
<arg>${env_var}</arg>
<doc>Returns the value of an environment variable with the given name.</doc>
<status status="NOT RUN" start="2025-05-26T00:20:15.193244" elapsed="0.000052"/>
</kw>
<kw name="Set Variable" owner="BuiltIn">
<arg>${default_value}</arg>
<doc>Returns the given values which can then be assigned to a variables.</doc>
<status status="NOT RUN" start="2025-05-26T00:20:15.193384" elapsed="0.000042"/>
</kw>
<var>${result}</var>
<arg>${value}</arg>
<arg>Get Environment Variable</arg>
<arg>${env_var}</arg>
<arg>ELSE</arg>
<arg>Set Variable</arg>
<arg>${default_value}</arg>
<doc>Runs the given keyword with the given arguments, if ``condition`` is true.</doc>
<status status="PASS" start="2025-05-26T00:20:15.193120" elapsed="0.000339"/>
</kw>
<return>
<value>${result}</value>
<status status="PASS" start="2025-05-26T00:20:15.193512" elapsed="0.000021"/>
</return>
<var>${BROWSER}</var>
<arg>BROWSER</arg>
<arg>${BROWSER}</arg>
<status status="PASS" start="2025-05-26T00:20:15.192596" elapsed="0.000980"/>
</kw>
<kw name="Set Global Variable" owner="BuiltIn">
<arg>${BROWSER}</arg>
<doc>Makes a variable available globally in all tests and suites.</doc>
<status status="NOT RUN" start="2025-05-26T00:20:15.193733" elapsed="0.000057"/>
</kw>
<kw name="Get Environment Variable Or Default" owner="env_loader">
<kw name="Run Keyword And Return Status" owner="BuiltIn">
<kw name="Environment Variable Should Be Set" owner="OperatingSystem">
<arg>${env_var}</arg>
<doc>Fails if the specified environment variable is not set.</doc>
<status status="NOT RUN" start="2025-05-26T00:20:15.194227" elapsed="0.000054"/>
</kw>
<var>${value}</var>
<arg>Environment Variable Should Be Set</arg>
<arg>${env_var}</arg>
<doc>Runs the given keyword with given arguments and returns the status as a Boolean value.</doc>
<status status="PASS" start="2025-05-26T00:20:15.194114" elapsed="0.000217"/>
</kw>
<kw name="Run Keyword If" owner="BuiltIn">
<kw name="Get Environment Variable" owner="OperatingSystem">
<arg>${env_var}</arg>
<doc>Returns the value of an environment variable with the given name.</doc>
<status status="NOT RUN" start="2025-05-26T00:20:15.194543" elapsed="0.000052"/>
</kw>
<kw name="Set Variable" owner="BuiltIn">
<arg>${default_value}</arg>
<doc>Returns the given values which can then be assigned to a variables.</doc>
<status status="NOT RUN" start="2025-05-26T00:20:15.194680" elapsed="0.000040"/>
</kw>
<var>${result}</var>
<arg>${value}</arg>
<arg>Get Environment Variable</arg>
<arg>${env_var}</arg>
<arg>ELSE</arg>
<arg>Set Variable</arg>
<arg>${default_value}</arg>
<doc>Runs the given keyword with the given arguments, if ``condition`` is true.</doc>
<status status="PASS" start="2025-05-26T00:20:15.194428" elapsed="0.000324"/>
</kw>
<return>
<value>${result}</value>
<status status="PASS" start="2025-05-26T00:20:15.194800" elapsed="0.000022"/>
</return>
<var>${TIMEOUT}</var>
<arg>TIMEOUT</arg>
<arg>${TIMEOUT}</arg>
<status status="PASS" start="2025-05-26T00:20:15.193925" elapsed="0.000935"/>
</kw>
<kw name="Set Global Variable" owner="BuiltIn">
<arg>${TIMEOUT}</arg>
<doc>Makes a variable available globally in all tests and suites.</doc>
<status status="NOT RUN" start="2025-05-26T00:20:15.194973" elapsed="0.000052"/>
</kw>
<kw name="Log To Console" owner="BuiltIn">
<arg>Using URL: ${BASE_URL}</arg>
<doc>Logs the given message to the console.</doc>
<status status="NOT RUN" start="2025-05-26T00:20:15.195124" elapsed="0.000056"/>
</kw>
<kw name="Log To Console" owner="BuiltIn">
<arg>Using Browser: ${BROWSER}</arg>
<doc>Logs the given message to the console.</doc>
<status status="NOT RUN" start="2025-05-26T00:20:15.195268" elapsed="0.000050"/>
</kw>
<status status="PASS" start="2025-05-26T00:20:15.187515" elapsed="0.007845"/>
</kw>
<kw name="Navigate To Login Page" owner="login_page">
<kw name="Open Browser To Page" owner="base_page">
<kw name="Open Browser" owner="SeleniumLibrary">
<arg>${url}</arg>
<arg>${BROWSER}</arg>
<doc>Opens a new browser instance to the optional ``url``.</doc>
<status status="NOT RUN" start="2025-05-26T00:20:15.195858" elapsed="0.000072"/>
</kw>
<kw name="Maximize Browser Window" owner="SeleniumLibrary">
<doc>Maximizes current browser window.</doc>
<status status="NOT RUN" start="2025-05-26T00:20:15.196032" elapsed="0.000049"/>
</kw>
<kw name="Set Selenium Timeout" owner="SeleniumLibrary">
<arg>${TIMEOUT}</arg>
<doc>Sets the timeout that is used by various keywords.</doc>
<status status="NOT RUN" start="2025-05-26T00:20:15.196186" elapsed="0.000057"/>
</kw>
<status status="PASS" start="2025-05-26T00:20:15.195672" elapsed="0.000615"/>
</kw>
<kw name="Dismiss Cookie Notice If Present" owner="login_page">
<kw name="Run Keyword And Return Status" owner="BuiltIn">
<kw name="Element Should Be Visible" owner="SeleniumLibrary">
<arg>${DISMISS_COOKIE_NOTICE}</arg>
<arg>5s</arg>
<doc>Verifies that the element identified by ``locator`` is visible.</doc>
<status status="NOT RUN" start="2025-05-26T00:20:15.196687" elapsed="0.000089"/>
</kw>
<var>${status}</var>
<arg>Element Should Be Visible</arg>
<arg>${DISMISS_COOKIE_NOTICE}</arg>
<arg>5s</arg>
<doc>Runs the given keyword with given arguments and returns the status as a Boolean value.</doc>
<status status="PASS" start="2025-05-26T00:20:15.196566" elapsed="0.000252"/>
</kw>
<kw name="Run Keyword If" owner="BuiltIn">
<kw name="Click Element" owner="SeleniumLibrary">
<arg>${DISMISS_COOKIE_NOTICE}</arg>
<doc>Click the element identified by ``locator``.</doc>
<status status="NOT RUN" start="2025-05-26T00:20:15.197039" elapsed="0.000069"/>
</kw>
<arg>${status}</arg>
<arg>Click Element</arg>
<arg>${DISMISS_COOKIE_NOTICE}</arg>
<doc>Runs the given keyword with the given arguments, if ``condition`` is true.</doc>
<status status="PASS" start="2025-05-26T00:20:15.196919" elapsed="0.000225"/>
</kw>
<status status="PASS" start="2025-05-26T00:20:15.196400" elapsed="0.000788"/>
</kw>
<status status="PASS" start="2025-05-26T00:20:15.195481" elapsed="0.001740"/>
</kw>
<status status="PASS" start="2025-05-26T00:20:15.187101" elapsed="0.010150"/>
</kw>
<kw name="Login With Credentials" owner="login_page">
<kw name="Input Text When Ready" owner="base_page">
<kw name="Wait Until Element Is Visible And Enabled" owner="base_page">
<kw name="Wait Until Element Is Visible" owner="SeleniumLibrary">
<arg>${locator}</arg>
<arg>${timeout}</arg>
<doc>Waits until the element ``locator`` is visible.</doc>
<status status="NOT RUN" start="2025-05-26T00:20:15.197982" elapsed="0.000074"/>
</kw>
<kw name="Wait Until Element Is Enabled" owner="SeleniumLibrary">
<arg>${locator}</arg>
<arg>${timeout}</arg>
<doc>Waits until the element ``locator`` is enabled.</doc>
<status status="NOT RUN" start="2025-05-26T00:20:15.198166" elapsed="0.000061"/>
</kw>
<arg>${locator}</arg>
<arg>${timeout}</arg>
<status status="PASS" start="2025-05-26T00:20:15.197809" elapsed="0.000463"/>
</kw>
<kw name="Input Text" owner="SeleniumLibrary">
<arg>${locator}</arg>
<arg>${text}</arg>
<doc>Types the given ``text`` into the text field identified by ``locator``.</doc>
<status status="NOT RUN" start="2025-05-26T00:20:15.198368" elapsed="0.000064"/>
</kw>
<arg>${LOGIN_EMAIL_FIELD}</arg>
<arg>${email}</arg>
<status status="PASS" start="2025-05-26T00:20:15.197624" elapsed="0.000852"/>
</kw>
<kw name="Input Text When Ready" owner="base_page">
<kw name="Wait Until Element Is Visible And Enabled" owner="base_page">
<kw name="Wait Until Element Is Visible" owner="SeleniumLibrary">
<arg>${locator}</arg>
<arg>${timeout}</arg>
<doc>Waits until the element ``locator`` is visible.</doc>
<status status="NOT RUN" start="2025-05-26T00:20:15.198948" elapsed="0.000061"/>
</kw>
<kw name="Wait Until Element Is Enabled" owner="SeleniumLibrary">
<arg>${locator}</arg>
<arg>${timeout}</arg>
<doc>Waits until the element ``locator`` is enabled.</doc>
<status status="NOT RUN" start="2025-05-26T00:20:15.199117" elapsed="0.000059"/>
</kw>
<arg>${locator}</arg>
<arg>${timeout}</arg>
<status status="PASS" start="2025-05-26T00:20:15.198784" elapsed="0.000438"/>
</kw>
<kw name="Input Text" owner="SeleniumLibrary">
<arg>${locator}</arg>
<arg>${text}</arg>
<doc>Types the given ``text`` into the text field identified by ``locator``.</doc>
<status status="NOT RUN" start="2025-05-26T00:20:15.199310" elapsed="0.000058"/>
</kw>
<arg>${LOGIN_PASSWORD_FIELD}</arg>
<arg>${password}</arg>
<status status="PASS" start="2025-05-26T00:20:15.198588" elapsed="0.000821"/>
</kw>
<kw name="Click Element When Ready" owner="base_page">
<kw name="Wait Until Element Is Visible And Enabled" owner="base_page">
<kw name="Wait Until Element Is Visible" owner="SeleniumLibrary">
<arg>${locator}</arg>
<arg>${timeout}</arg>
<doc>Waits until the element ``locator`` is visible.</doc>
<status status="NOT RUN" start="2025-05-26T00:20:15.200015" elapsed="0.000078"/>
</kw>
<kw name="Wait Until Element Is Enabled" owner="SeleniumLibrary">
<arg>${locator}</arg>
<arg>${timeout}</arg>
<doc>Waits until the element ``locator`` is enabled.</doc>
<status status="NOT RUN" start="2025-05-26T00:20:15.200217" elapsed="0.000063"/>
</kw>
<arg>${locator}</arg>
<arg>${timeout}</arg>
<status status="PASS" start="2025-05-26T00:20:15.199723" elapsed="0.000638"/>
</kw>
<kw name="Click Element" owner="SeleniumLibrary">
<arg>${locator}</arg>
<doc>Click the element identified by ``locator``.</doc>
<status status="NOT RUN" start="2025-05-26T00:20:15.200463" elapsed="0.000058"/>
</kw>
<arg>${LOGIN_BUTTON}</arg>
<status status="PASS" start="2025-05-26T00:20:15.199533" elapsed="0.001030"/>
</kw>
<arg>${DEFAULT_EMAIL}</arg>
<arg>${DEFAULT_PASSWORD}</arg>
<status status="PASS" start="2025-05-26T00:20:15.197435" elapsed="0.003163"/>
</kw>
<kw name="Add Product To Basket" owner="product_page">
<kw name="Set Variable" owner="BuiltIn">
<var>${product_selector}</var>
<arg>(${PRODUCT_CARDS})[${product_index}]</arg>
<doc>Returns the given values which can then be assigned to a variables.</doc>
<status status="NOT RUN" start="2025-05-26T00:20:15.200930" elapsed="0.000046"/>
</kw>
<kw name="Set Variable" owner="BuiltIn">
<var>${add_button}</var>
<arg>${product_selector} ${ADD_TO_BASKET_BUTTON}</arg>
<doc>Returns the given values which can then be assigned to a variables.</doc>
<status status="NOT RUN" start="2025-05-26T00:20:15.201095" elapsed="0.000044"/>
</kw>
<kw name="Click Element When Ready" owner="base_page">
<kw name="Wait Until Element Is Visible And Enabled" owner="base_page">
<kw name="Wait Until Element Is Visible" owner="SeleniumLibrary">
<arg>${locator}</arg>
<arg>${timeout}</arg>
<doc>Waits until the element ``locator`` is visible.</doc>
<status status="NOT RUN" start="2025-05-26T00:20:15.201603" elapsed="0.000064"/>
</kw>
<kw name="Wait Until Element Is Enabled" owner="SeleniumLibrary">
<arg>${locator}</arg>
<arg>${timeout}</arg>
<doc>Waits until the element ``locator`` is enabled.</doc>
<status status="NOT RUN" start="2025-05-26T00:20:15.201768" elapsed="0.000059"/>
</kw>
<arg>${locator}</arg>
<arg>${timeout}</arg>
<status status="PASS" start="2025-05-26T00:20:15.201432" elapsed="0.000439"/>
</kw>
<kw name="Click Element" owner="SeleniumLibrary">
<arg>${locator}</arg>
<doc>Click the element identified by ``locator``.</doc>
<status status="NOT RUN" start="2025-05-26T00:20:15.201962" elapsed="0.000054"/>
</kw>
<arg>${add_button}</arg>
<status status="PASS" start="2025-05-26T00:20:15.201254" elapsed="0.000812"/>
</kw>
<arg>1</arg>
<status status="PASS" start="2025-05-26T00:20:15.200758" elapsed="0.001344"/>
</kw>
<kw name="Go To Basket" owner="product_page">
<kw name="Click Element When Ready" owner="base_page">
<kw name="Wait Until Element Is Visible And Enabled" owner="base_page">
<kw name="Wait Until Element Is Visible" owner="SeleniumLibrary">
<arg>${locator}</arg>
<arg>${timeout}</arg>
<doc>Waits until the element ``locator`` is visible.</doc>
<status status="NOT RUN" start="2025-05-26T00:20:15.202766" elapsed="0.000067"/>
</kw>
<kw name="Wait Until Element Is Enabled" owner="SeleniumLibrary">
<arg>${locator}</arg>
<arg>${timeout}</arg>
<doc>Waits until the element ``locator`` is enabled.</doc>
<status status="NOT RUN" start="2025-05-26T00:20:15.202935" elapsed="0.000060"/>
</kw>
<arg>${locator}</arg>
<arg>${timeout}</arg>
<status status="PASS" start="2025-05-26T00:20:15.202594" elapsed="0.000447"/>
</kw>
<kw name="Click Element" owner="SeleniumLibrary">
<arg>${locator}</arg>
<doc>Click the element identified by ``locator``.</doc>
<status status="NOT RUN" start="2025-05-26T00:20:15.203144" elapsed="0.000054"/>
</kw>
<arg>${BASKET_BUTTON}</arg>
<status status="PASS" start="2025-05-26T00:20:15.202420" elapsed="0.000819"/>
</kw>
<status status="PASS" start="2025-05-26T00:20:15.202247" elapsed="0.001026"/>
</kw>
<kw name="Verify Items In Basket" owner="basket_page">
<kw name="Get WebElements" owner="SeleniumLibrary">
<var>${items}</var>
<arg>${BASKET_ITEMS}</arg>
<doc>Returns a list of WebElement objects matching the ``locator``.</doc>
<status status="NOT RUN" start="2025-05-26T00:20:15.203593" elapsed="0.000057"/>
</kw>
<kw name="Get Length" owner="BuiltIn">
<var>${actual_count}</var>
<arg>${items}</arg>
<doc>Returns and logs the length of the given item as an integer.</doc>
<status status="NOT RUN" start="2025-05-26T00:20:15.203749" elapsed="0.000045"/>
</kw>
<kw name="Should Be Equal As Integers" owner="BuiltIn">
<arg>${actual_count}</arg>
<arg>${expected_count}</arg>
<doc>Fails if objects are unequal after converting them to integers.</doc>
<status status="NOT RUN" start="2025-05-26T00:20:15.203885" elapsed="0.000062"/>
</kw>
<arg>1</arg>
<status status="PASS" start="2025-05-26T00:20:15.203427" elapsed="0.000564"/>
</kw>
<kw name="Proceed To Checkout" owner="basket_page">
<kw name="Click Element When Ready" owner="base_page">
<kw name="Wait Until Element Is Visible And Enabled" owner="base_page">
<kw name="Wait Until Element Is Visible" owner="SeleniumLibrary">
<arg>${locator}</arg>
<arg>${timeout}</arg>
<doc>Waits until the element ``locator`` is visible.</doc>
<status status="NOT RUN" start="2025-05-26T00:20:15.204670" elapsed="0.000063"/>
</kw>
<kw name="Wait Until Element Is Enabled" owner="SeleniumLibrary">
<arg>${locator}</arg>
<arg>${timeout}</arg>
<doc>Waits until the element ``locator`` is enabled.</doc>
<status status="NOT RUN" start="2025-05-26T00:20:15.204836" elapsed="0.000060"/>
</kw>
<arg>${locator}</arg>
<arg>${timeout}</arg>
<status status="PASS" start="2025-05-26T00:20:15.204499" elapsed="0.000442"/>
</kw>
<kw name="Click Element" owner="SeleniumLibrary">
<arg>${locator}</arg>
<doc>Click the element identified by ``locator``.</doc>
<status status="NOT RUN" start="2025-05-26T00:20:15.205033" elapsed="0.000070"/>
</kw>
<arg>${CHECKOUT_BUTTON}</arg>
<status status="PASS" start="2025-05-26T00:20:15.204323" elapsed="0.000837"/>
</kw>
<status status="PASS" start="2025-05-26T00:20:15.204138" elapsed="0.001069"/>
</kw>
<kw name="Add New Address" owner="checkout_page">
<kw name="Click Element When Ready" owner="base_page">
<kw name="Wait Until Element Is Visible And Enabled" owner="base_page">
<kw name="Wait Until Element Is Visible" owner="SeleniumLibrary">
<arg>${locator}</arg>
<arg>${timeout}</arg>
<doc>Waits until the element ``locator`` is visible.</doc>
<status status="NOT RUN" start="2025-05-26T00:20:15.205918" elapsed="0.000072"/>
</kw>
<kw name="Wait Until Element Is Enabled" owner="SeleniumLibrary">
<arg>${locator}</arg>
<arg>${timeout}</arg>
<doc>Waits until the element ``locator`` is enabled.</doc>
<status status="NOT RUN" start="2025-05-26T00:20:15.206105" elapsed="0.000060"/>
</kw>
<arg>${locator}</arg>
<arg>${timeout}</arg>
<status status="PASS" start="2025-05-26T00:20:15.205742" elapsed="0.000468"/>
</kw>
<kw name="Click Element" owner="SeleniumLibrary">
<arg>${locator}</arg>
<doc>Click the element identified by ``locator``.</doc>
<status status="NOT RUN" start="2025-05-26T00:20:15.206301" elapsed="0.000054"/>
</kw>
<arg>${ADD_NEW_ADDRESS_BUTTON}</arg>
<status status="PASS" start="2025-05-26T00:20:15.205552" elapsed="0.000843"/>
</kw>
<status status="PASS" start="2025-05-26T00:20:15.205372" elapsed="0.001058"/>
</kw>
<kw name="Fill Address Form" owner="address_page">
<kw name="Input Text When Ready" owner="base_page">
<kw name="Wait Until Element Is Visible And Enabled" owner="base_page">
<kw name="Wait Until Element Is Visible" owner="SeleniumLibrary">
<arg>${locator}</arg>
<arg>${timeout}</arg>
<doc>Waits until the element ``locator`` is visible.</doc>
<status status="NOT RUN" start="2025-05-26T00:20:15.207143" elapsed="0.000063"/>
</kw>
<kw name="Wait Until Element Is Enabled" owner="SeleniumLibrary">
<arg>${locator}</arg>
<arg>${timeout}</arg>
<doc>Waits until the element ``locator`` is enabled.</doc>
<status status="NOT RUN" start="2025-05-26T00:20:15.207312" elapsed="0.000075"/>
</kw>
<arg>${locator}</arg>
<arg>${timeout}</arg>
<status status="PASS" start="2025-05-26T00:20:15.206967" elapsed="0.000465"/>
</kw>
<kw name="Input Text" owner="SeleniumLibrary">
<arg>${locator}</arg>
<arg>${text}</arg>
<doc>Types the given ``text`` into the text field identified by ``locator``.</doc>
<status status="NOT RUN" start="2025-05-26T00:20:15.207528" elapsed="0.000061"/>
</kw>
<arg>${COUNTRY_FIELD}</arg>
<arg>${country}</arg>
<status status="PASS" start="2025-05-26T00:20:15.206792" elapsed="0.000873"/>
</kw>
<kw name="Input Text When Ready" owner="base_page">
<kw name="Wait Until Element Is Visible And Enabled" owner="base_page">
<kw name="Wait Until Element Is Visible" owner="SeleniumLibrary">
<arg>${locator}</arg>
<arg>${timeout}</arg>
<doc>Waits until the element ``locator`` is visible.</doc>
<status status="NOT RUN" start="2025-05-26T00:20:15.208288" elapsed="0.000075"/>
</kw>
<kw name="Wait Until Element Is Enabled" owner="SeleniumLibrary">
<arg>${locator}</arg>
<arg>${timeout}</arg>
<doc>Waits until the element ``locator`` is enabled.</doc>
<status status="NOT RUN" start="2025-05-26T00:20:15.208469" elapsed="0.000061"/>
</kw>
<arg>${locator}</arg>
<arg>${timeout}</arg>
<status status="PASS" start="2025-05-26T00:20:15.207971" elapsed="0.000604"/>
</kw>
<kw name="Input Text" owner="SeleniumLibrary">
<arg>${locator}</arg>
<arg>${text}</arg>
<doc>Types the given ``text`` into the text field identified by ``locator``.</doc>
<status status="NOT RUN" start="2025-05-26T00:20:15.208669" elapsed="0.000060"/>
</kw>
<arg>${NAME_FIELD}</arg>
<arg>${name}</arg>
<status status="PASS" start="2025-05-26T00:20:15.207785" elapsed="0.000988"/>
</kw>
<kw name="Input Text When Ready" owner="base_page">
<kw name="Wait Until Element Is Visible And Enabled" owner="base_page">
<kw name="Wait Until Element Is Visible" owner="SeleniumLibrary">
<arg>${locator}</arg>
<arg>${timeout}</arg>
<doc>Waits until the element ``locator`` is visible.</doc>
<status status="NOT RUN" start="2025-05-26T00:20:15.209239" elapsed="0.000077"/>
</kw>
<kw name="Wait Until Element Is Enabled" owner="SeleniumLibrary">
<arg>${locator}</arg>
<arg>${timeout}</arg>
<doc>Waits until the element ``locator`` is enabled.</doc>
<status status="NOT RUN" start="2025-05-26T00:20:15.209417" elapsed="0.000058"/>
</kw>
<arg>${locator}</arg>
<arg>${timeout}</arg>
<status status="PASS" start="2025-05-26T00:20:15.209078" elapsed="0.000441"/>
</kw>
<kw name="Input Text" owner="SeleniumLibrary">
<arg>${locator}</arg>
<arg>${text}</arg>
<doc>Types the given ``text`` into the text field identified by ``locator``.</doc>
<status status="NOT RUN" start="2025-05-26T00:20:15.209609" elapsed="0.000059"/>
</kw>
<arg>${MOBILE_FIELD}</arg>
<arg>${mobile}</arg>
<status status="PASS" start="2025-05-26T00:20:15.208893" elapsed="0.000818"/>
</kw>
<kw name="Input Text When Ready" owner="base_page">
<kw name="Wait Until Element Is Visible And Enabled" owner="base_page">
<kw name="Wait Until Element Is Visible" owner="SeleniumLibrary">
<arg>${locator}</arg>
<arg>${timeout}</arg>
<doc>Waits until the element ``locator`` is visible.</doc>
<status status="NOT RUN" start="2025-05-26T00:20:15.210167" elapsed="0.000063"/>
</kw>
<kw name="Wait Until Element Is Enabled" owner="SeleniumLibrary">
<arg>${locator}</arg>
<arg>${timeout}</arg>
<doc>Waits until the element ``locator`` is enabled.</doc>
<status status="NOT RUN" start="2025-05-26T00:20:15.210328" elapsed="0.000059"/>
</kw>
<arg>${locator}</arg>
<arg>${timeout}</arg>
<status status="PASS" start="2025-05-26T00:20:15.209995" elapsed="0.000436"/>
</kw>
<kw name="Input Text" owner="SeleniumLibrary">
<arg>${locator}</arg>
<arg>${text}</arg>
<doc>Types the given ``text`` into the text field identified by ``locator``.</doc>
<status status="NOT RUN" start="2025-05-26T00:20:15.210526" elapsed="0.000060"/>
</kw>
<arg>${ZIP_CODE_FIELD}</arg>
<arg>${zip}</arg>
<status status="PASS" start="2025-05-26T00:20:15.209819" elapsed="0.000811"/>
</kw>
<kw name="Input Text When Ready" owner="base_page">
<kw name="Wait Until Element Is Visible And Enabled" owner="base_page">
<kw name="Wait Until Element Is Visible" owner="SeleniumLibrary">
<arg>${locator}</arg>
<arg>${timeout}</arg>
<doc>Waits until the element ``locator`` is visible.</doc>
<status status="NOT RUN" start="2025-05-26T00:20:15.211115" elapsed="0.000073"/>
</kw>
<kw name="Wait Until Element Is Enabled" owner="SeleniumLibrary">
<arg>${locator}</arg>
<arg>${timeout}</arg>
<doc>Waits until the element ``locator`` is enabled.</doc>
<status status="NOT RUN" start="2025-05-26T00:20:15.211284" elapsed="0.000056"/>
</kw>
<arg>${locator}</arg>
<arg>${timeout}</arg>
<status status="PASS" start="2025-05-26T00:20:15.210917" elapsed="0.000465"/>
</kw>
<kw name="Input Text" owner="SeleniumLibrary">
<arg>${locator}</arg>
<arg>${text}</arg>
<doc>Types the given ``text`` into the text field identified by ``locator``.</doc>
<status status="NOT RUN" start="2025-05-26T00:20:15.211468" elapsed="0.000076"/>
</kw>
<arg>${ADDRESS_FIELD}</arg>
<arg>${address}</arg>
<status status="PASS" start="2025-05-26T00:20:15.210739" elapsed="0.000847"/>
</kw>
<kw name="Input Text When Ready" owner="base_page">
<kw name="Wait Until Element Is Visible And Enabled" owner="base_page">
<kw name="Wait Until Element Is Visible" owner="SeleniumLibrary">
<arg>${locator}</arg>
<arg>${timeout}</arg>
<doc>Waits until the element ``locator`` is visible.</doc>
<status status="NOT RUN" start="2025-05-26T00:20:15.212040" elapsed="0.000073"/>
</kw>
<kw name="Wait Until Element Is Enabled" owner="SeleniumLibrary">
<arg>${locator}</arg>
<arg>${timeout}</arg>
<doc>Waits until the element ``locator`` is enabled.</doc>
<status status="NOT RUN" start="2025-05-26T00:20:15.212227" elapsed="0.000061"/>
</kw>
<arg>${locator}</arg>
<arg>${timeout}</arg>
<status status="PASS" start="2025-05-26T00:20:15.211871" elapsed="0.000462"/>
</kw>
<kw name="Input Text" owner="SeleniumLibrary">
<arg>${locator}</arg>
<arg>${text}</arg>
<doc>Types the given ``text`` into the text field identified by ``locator``.</doc>
<status status="NOT RUN" start="2025-05-26T00:20:15.212430" elapsed="0.000059"/>
</kw>
<arg>${CITY_FIELD}</arg>
<arg>${city}</arg>
<status status="PASS" start="2025-05-26T00:20:15.211694" elapsed="0.000838"/>
</kw>
<kw name="Input Text When Ready" owner="base_page">
<kw name="Wait Until Element Is Visible And Enabled" owner="base_page">
<kw name="Wait Until Element Is Visible" owner="SeleniumLibrary">
<arg>${locator}</arg>
<arg>${timeout}</arg>
<doc>Waits until the element ``locator`` is visible.</doc>
<status status="NOT RUN" start="2025-05-26T00:20:15.213027" elapsed="0.000096"/>
</kw>
<kw name="Wait Until Element Is Enabled" owner="SeleniumLibrary">
<arg>${locator}</arg>
<arg>${timeout}</arg>
<doc>Waits until the element ``locator`` is enabled.</doc>
<status status="NOT RUN" start="2025-05-26T00:20:15.213220" elapsed="0.000056"/>
</kw>
<arg>${locator}</arg>
<arg>${timeout}</arg>
<status status="PASS" start="2025-05-26T00:20:15.212852" elapsed="0.000467"/>
</kw>
<kw name="Input Text" owner="SeleniumLibrary">
<arg>${locator}</arg>
<arg>${text}</arg>
<doc>Types the given ``text`` into the text field identified by ``locator``.</doc>
<status status="NOT RUN" start="2025-05-26T00:20:15.213405" elapsed="0.000056"/>
</kw>
<arg>${STATE_FIELD}</arg>
<arg>${state}</arg>
<status status="PASS" start="2025-05-26T00:20:15.212642" elapsed="0.000860"/>
</kw>
<arg>${TEST_COUNTRY}</arg>
<arg>${TEST_NAME}</arg>
<arg>${TEST_MOBILE}</arg>
<arg>${TEST_ZIP}</arg>
<arg>${TEST_ADDRESS}</arg>
<arg>${TEST_CITY}</arg>
<arg>${TEST_STATE}</arg>
<status status="PASS" start="2025-05-26T00:20:15.206599" elapsed="0.006938"/>
</kw>
<kw name="Submit Address Form" owner="address_page">
<kw name="Click Element When Ready" owner="base_page">
<kw name="Wait Until Element Is Visible And Enabled" owner="base_page">
<kw name="Wait Until Element Is Visible" owner="SeleniumLibrary">
<arg>${locator}</arg>
<arg>${timeout}</arg>
<doc>Waits until the element ``locator`` is visible.</doc>
<status status="NOT RUN" start="2025-05-26T00:20:15.214237" elapsed="0.000063"/>
</kw>
<kw name="Wait Until Element Is Enabled" owner="SeleniumLibrary">
<arg>${locator}</arg>
<arg>${timeout}</arg>
<doc>Waits until the element ``locator`` is enabled.</doc>
<status status="NOT RUN" start="2025-05-26T00:20:15.214406" elapsed="0.000060"/>
</kw>
<arg>${locator}</arg>
<arg>${timeout}</arg>
<status status="PASS" start="2025-05-26T00:20:15.214066" elapsed="0.000444"/>
</kw>
<kw name="Click Element" owner="SeleniumLibrary">
<arg>${locator}</arg>
<doc>Click the element identified by ``locator``.</doc>
<status status="NOT RUN" start="2025-05-26T00:20:15.214602" elapsed="0.000054"/>
</kw>
<arg>${SUBMIT_BUTTON}</arg>
<status status="PASS" start="2025-05-26T00:20:15.213886" elapsed="0.000840"/>
</kw>
<status status="PASS" start="2025-05-26T00:20:15.213708" elapsed="0.001055"/>
</kw>
<kw name="Element Should Be Visible And Enabled" owner="base_page">
<kw name="Wait Until Element Is Visible And Enabled" owner="base_page">
<kw name="Wait Until Element Is Visible" owner="SeleniumLibrary">
<arg>${locator}</arg>
<arg>${timeout}</arg>
<doc>Waits until the element ``locator`` is visible.</doc>
<status status="NOT RUN" start="2025-05-26T00:20:15.215298" elapsed="0.000063"/>
</kw>
<kw name="Wait Until Element Is Enabled" owner="SeleniumLibrary">
<arg>${locator}</arg>
<arg>${timeout}</arg>
<doc>Waits until the element ``locator`` is enabled.</doc>
<status status="NOT RUN" start="2025-05-26T00:20:15.215462" elapsed="0.000059"/>
</kw>
<arg>${locator}</arg>
<arg>${timeout}</arg>
<status status="PASS" start="2025-05-26T00:20:15.215127" elapsed="0.000438"/>
</kw>
<arg>${CONTINUE_BUTTON}</arg>
<status status="PASS" start="2025-05-26T00:20:15.214930" elapsed="0.000671"/>
</kw>
<kw name="Close All Browsers" owner="SeleniumLibrary" type="TEARDOWN">
<doc>Closes all open browsers and resets the browser cache.</doc>
<status status="NOT RUN" start="2025-05-26T00:20:15.215789" elapsed="0.000045"/>
</kw>
<doc>Tests the flow of logging in, adding 1 item to basket, and completing checkout with a new address</doc>
<status status="PASS" start="2025-05-26T00:20:15.186285" elapsed="0.029614"/>
</test>
<doc>Test scenario 1: Login, add 1 item to basket, checkout, add address</doc>
<status status="PASS" start="2025-05-26T00:20:15.028272" elapsed="0.188025"/>
</suite>
<statistics>
<total>
<stat pass="1" fail="0" skip="0">All Tests</stat>
</total>
<tag>
</tag>
<suite>
<stat name="Scenario1 Test" id="s1" pass="1" fail="0" skip="0">Scenario1 Test</stat>
</suite>
</statistics>
<errors>
</errors>
</robot>
